  Game.cpp
C:\Users\canad\OneDrive\Escritorio\Daniel M\UCSC\2022-3 Fall\Fundamentals of Game Engineering\Class work\Pair-Programming\Pair-Programming\Game.cpp(59,98): warning C4244: 'argument': conversion from 'T' to 'T', possible loss of data
          with
          [
              T=int
          ]
          and
          [
              T=float
          ]
C:\Users\canad\OneDrive\Escritorio\Daniel M\UCSC\2022-3 Fall\Fundamentals of Game Engineering\Class work\Pair-Programming\Pair-Programming\Game.cpp(59,68): warning C4244: 'argument': conversion from 'T' to 'T', possible loss of data
          with
          [
              T=int
          ]
          and
          [
              T=float
          ]
  Particle.cpp
  Generating Code...
  Pair-Programming.vcxproj -> C:\Users\canad\OneDrive\Escritorio\Daniel M\UCSC\2022-3 Fall\Fundamentals of Game Engineering\Class work\Pair-Programming\x64\Debug\Pair-Programming.exe
